<?xml version="1.0" encoding="UTF-8" ?>
<testsuite tests="1" failures="0" name="jp.co.projectname.Default_Maven_Project.AppTest" time="0.003" errors="0" skipped="0">
  <properties>
    <property name="java.runtime.name" value="Java(TM) SE Runtime Environment"/>
    <property name="sun.boot.library.path" value="C:\pleiades-4.6.3-java-win-64bit-jre_20170422\pleiades\eclipse\jre\jre\bin"/>
    <property name="java.vm.version" value="25.131-b11"/>
    <property name="java.vm.vendor" value="Oracle Corporation"/>
    <property name="maven.multiModuleProjectDirectory" value="C:\pleiades-4.6.3-java-win-64bit-jre_20170422\pleiades\workspace\Default-Maven-Project"/>
    <property name="java.vendor.url" value="http://java.oracle.com/"/>
    <property name="path.separator" value=";"/>
    <property name="guice.disable.misplaced.annotation.check" value="true"/>
    <property name="java.vm.name" value="Java HotSpot(TM) 64-Bit Server VM"/>
    <property name="file.encoding.pkg" value="sun.io"/>
    <property name="user.script" value=""/>
    <property name="user.country" value="JP"/>
    <property name="sun.java.launcher" value="SUN_STANDARD"/>
    <property name="sun.os.patch.level" value="Service Pack 1"/>
    <property name="java.vm.specification.name" value="Java Virtual Machine Specification"/>
    <property name="user.dir" value="C:\pleiades-4.6.3-java-win-64bit-jre_20170422\pleiades\workspace\Default-Maven-Project"/>
    <property name="java.runtime.version" value="1.8.0_131-b11"/>
    <property name="java.awt.graphicsenv" value="sun.awt.Win32GraphicsEnvironment"/>
    <property name="java.endorsed.dirs" value="C:\pleiades-4.6.3-java-win-64bit-jre_20170422\pleiades\eclipse\jre\jre\lib\endorsed"/>
    <property name="os.arch" value="amd64"/>
    <property name="java.io.tmpdir" value="C:\Users\杉山大輔\AppData\Local\Temp\"/>
    <property name="line.separator" value="
"/>
    <property name="java.vm.specification.vendor" value="Oracle Corporation"/>
    <property name="user.variant" value=""/>
    <property name="os.name" value="Windows 7"/>
    <property name="classworlds.conf" value="C:\pleiades-4.6.3-java-win-64bit-jre_20170422\pleiades\workspace\.metadata\.plugins\org.eclipse.m2e.launching\launches\m2conf5670852879393253341.tmp"/>
    <property name="sun.jnu.encoding" value="MS932"/>
    <property name="java.library.path" value="C:\pleiades-4.6.3-java-win-64bit-jre_20170422\pleiades\eclipse\jre\bin;C:\Windows\Sun\Java\bin;C:\Windows\system32;C:\Windows;C:/pleiades-4.6.3-java-win-64bit-jre_20170422/pleiades/eclipse/jre/bin/../jre/bin/server;C:/pleiades-4.6.3-java-win-64bit-jre_20170422/pleiades/eclipse/jre/bin/../jre/bin;C:/pleiades-4.6.3-java-win-64bit-jre_20170422/pleiades/eclipse/jre/bin/../jre/lib/amd64;C:\ProgramData\Oracle\Java\javapath;C:\Perl64\site\bin;C:\Perl64\bin;c:\Program Files (x86)\Intel\iCLS Client\;c:\Program Files\Intel\iCLS Client\;C:\Windows\system32;C:\Windows;C:\Windows\System32\Wbem;C:\Windows\System32\WindowsPowerShell\v1.0\;C:\Program Files\Intel\Intel(R) Management Engine Components\DAL;C:\Program Files\Intel\Intel(R) Management Engine Components\IPT;C:\Program Files (x86)\Intel\Intel(R) Management Engine Components\DAL;C:\Program Files (x86)\Intel\Intel(R) Management Engine Components\IPT;C:\Program Files\WinMerge;C:\Windows\system32\config\systemprofile\.dnx\bin;C:\Program Files\Microsoft DNX\Dnvm\;C:\Program Files\Microsoft SQL Server\130\Tools\Binn\;C:\Program Files\MySQL\MySQL Server 5.1\bin;C:\Program Files\Java\jdk1.8.0_92\bin;C:\Program Files\Redis;C:\Program Files\Git\cmd;C:\Program Files\nodejs\;C:\Program Files\TortoiseSVN\bin;C:\xamppphp\php;C:\ProgramData\ComposerSetup\bin;C:\HashiCorp\Vagrant\bin;C:\Program Files (x86)\Nodist\bin;C:\Users\杉山大輔\AppData\Local\Programs\Python\Python36\Scripts\;C:\Users\杉山大輔\AppData\Local\Programs\Python\Python36\;C:\Ruby22-x64\bin;C:\Ruby23-x64\bin;C:\Users\杉山大輔\AppData\Roaming\npm;C:\Program Files\PostgreSQL\9.6\bin\;C:\xampp\mysql\bin;C:\Program Files (x86)\Microsoft VS Code\bin;C:\Users\杉山大輔\AppData\Roaming\Composer\vendor\bin;C:\pleiades-4.6.3-java-win-64bit-jre_20170422\pleiades\eclipse;;."/>
    <property name="java.specification.name" value="Java Platform API Specification"/>
    <property name="java.class.version" value="52.0"/>
    <property name="sun.management.compiler" value="HotSpot 64-Bit Tiered Compilers"/>
    <property name="os.version" value="6.1"/>
    <property name="user.home" value="C:\Users\杉山大輔"/>
    <property name="user.timezone" value="Asia/Tokyo"/>
    <property name="java.awt.printerjob" value="sun.awt.windows.WPrinterJob"/>
    <property name="java.specification.version" value="1.8"/>
    <property name="file.encoding" value="UTF-8"/>
    <property name="user.name" value="杉山大輔"/>
    <property name="java.class.path" value="/C:/pleiades-4.6.3-java-win-64bit-jre_20170422/pleiades/eclipse/plugins/org.eclipse.m2e.maven.runtime_1.7.0.20160603-1931/jars/plexus-classworlds-2.5.2.jar"/>
    <property name="java.vm.specification.version" value="1.8"/>
    <property name="sun.arch.data.model" value="64"/>
    <property name="java.home" value="C:\pleiades-4.6.3-java-win-64bit-jre_20170422\pleiades\eclipse\jre\jre"/>
    <property name="sun.java.command" value="org.codehaus.plexus.classworlds.launcher.Launcher -B install"/>
    <property name="java.specification.vendor" value="Oracle Corporation"/>
    <property name="user.language" value="ja"/>
    <property name="awt.toolkit" value="sun.awt.windows.WToolkit"/>
    <property name="java.vm.info" value="mixed mode"/>
    <property name="java.version" value="1.8.0_131"/>
    <property name="java.ext.dirs" value="C:\pleiades-4.6.3-java-win-64bit-jre_20170422\pleiades\eclipse\jre\jre\lib\ext;C:\Windows\Sun\Java\lib\ext"/>
    <property name="sun.boot.class.path" value="C:\pleiades-4.6.3-java-win-64bit-jre_20170422\pleiades\eclipse\jre\jre\lib\resources.jar;C:\pleiades-4.6.3-java-win-64bit-jre_20170422\pleiades\eclipse\jre\jre\lib\rt.jar;C:\pleiades-4.6.3-java-win-64bit-jre_20170422\pleiades\eclipse\jre\jre\lib\sunrsasign.jar;C:\pleiades-4.6.3-java-win-64bit-jre_20170422\pleiades\eclipse\jre\jre\lib\jsse.jar;C:\pleiades-4.6.3-java-win-64bit-jre_20170422\pleiades\eclipse\jre\jre\lib\jce.jar;C:\pleiades-4.6.3-java-win-64bit-jre_20170422\pleiades\eclipse\jre\jre\lib\charsets.jar;C:\pleiades-4.6.3-java-win-64bit-jre_20170422\pleiades\eclipse\jre\jre\lib\jfr.jar;C:\pleiades-4.6.3-java-win-64bit-jre_20170422\pleiades\eclipse\jre\jre\classes"/>
    <property name="java.vendor" value="Oracle Corporation"/>
    <property name="maven.home" value="C:\pleiades-4.6.3-java-win-64bit-jre_20170422\pleiades\workspace\Default-Maven-Project\EMBEDDED"/>
    <property name="file.separator" value="\"/>
    <property name="java.vendor.url.bug" value="http://bugreport.sun.com/bugreport/"/>
    <property name="sun.cpu.endian" value="little"/>
    <property name="sun.io.unicode.encoding" value="UnicodeLittle"/>
    <property name="sun.desktop" value="windows"/>
    <property name="sun.cpu.isalist" value="amd64"/>
  </properties>
  <testcase classname="jp.co.projectname.Default_Maven_Project.AppTest" name="testApp" time="0.003"/>
</testsuite>